<?xml version="1.0" encoding="UTF-8" ?>
<testsuite tests="7" failures="1" name="TestSuite" time="19.992" errors="0" skipped="0">
  <properties>
[...]
</properties>
  <testcase classname="com.xiaoyu.cases.LoginTest" name="loginTrue" time="0.892"/>
  <testcase classname="com.xiaoyu.cases.LoginTest" name="loginFalse" time="0.037"/>
  <testcase classname="com.xiaoyu.cases.AddUserTest" name="addUser" time="5.042"/>
  <testcase classname="com.xiaoyu.cases.GetUserInfoTest" name="getUserInfo" time="3.033"/>
  <testcase classname="com.xiaoyu.cases.UpdateUserInforTest" name="updateUserInfo" time="5.05"/>
  <testcase classname="com.xiaoyu.cases.UpdateUserInforTest" name="deleteUser" time="5.026"/>
  <testcase classname="com.xiaoyu.cases.GetUserInfoListTest" name="getUserListInfo" time="0.026">
    <failure message="A JSONArray text must start with &apos;[&apos; at 1 [character 2 line 1]" type="org.json.JSONException">org.json.JSONException: A JSONArray text must start with &apos;[&apos; at 1 [character 2 line 1]
	at org.json.JSONTokener.syntaxError(JSONTokener.java:505)
	at org.json.JSONArray.&lt;init&gt;(JSONArray.java:109)
	at org.json.JSONArray.&lt;init&gt;(JSONArray.java:162)
	at com.xiaoyu.cases.GetUserInfoListTest.getJsonResult(GetUserInfoListTest.java:74)
	at com.xiaoyu.cases.GetUserInfoListTest.getUserListInfo(GetUserInfoListTest.java:31)
</failure>
    <system-out>GetUserListCase(userName=, age=, sex=0, expected=getUserList)
http://localhost:8888/v1/getUserlist
</system-out>
  </testcase>
</testsuite>