<?xml version="1.0" encoding="UTF-8"?>
<!-- Generated by org.testng.reporters.JUnitXMLReporter -->
<testsuite hostname="DESKTOP-JKJNJUG" ignored="0" name="这是用户管理系统测试用例" tests="7" failures="1" timestamp="24 六月 2020 06:12:46 GMT" time="19.16" errors="0">
  <testcase name="loginTrue" time="0.891" classname="com.xiaoyu.cases.LoginTest"/>
  <testcase name="loginFalse" time="0.037" classname="com.xiaoyu.cases.LoginTest"/>
  <testcase name="addUser" time="5.042" classname="com.xiaoyu.cases.AddUserTest"/>
  <testcase name="getUserInfo" time="3.033" classname="com.xiaoyu.cases.GetUserInfoTest"/>
  <testcase name="updateUserInfo" time="5.05" classname="com.xiaoyu.cases.UpdateUserInforTest"/>
  <testcase name="deleteUser" time="5.026" classname="com.xiaoyu.cases.UpdateUserInforTest"/>
  <testcase name="getUserListInfo" time="0.024" classname="com.xiaoyu.cases.GetUserInfoListTest">
    <failure type="org.json.JSONException" message="A JSONArray text must start with &amp;apos;[&amp;apos; at 1 [character 2 line 1]">
      <![CDATA[org.json.JSONException: A JSONArray text must start with '[' at 1 [character 2 line 1]
	at org.json.JSONTokener.syntaxError(JSONTokener.java:505)
	at org.json.JSONArray.<init>(JSONArray.java:109)
	at org.json.JSONArray.<init>(JSONArray.java:162)
	at com.xiaoyu.cases.GetUserInfoListTest.getJsonResult(GetUserInfoListTest.java:74)
	at com.xiaoyu.cases.GetUserInfoListTest.getUserListInfo(GetUserInfoListTest.java:31)
	at com.sun.proxy.$Proxy0.invoke(Unknown Source)
... Removed 33 stack frames]]>
    </failure>
  </testcase> <!-- getUserListInfo -->
</testsuite> <!-- 这是用户管理系统测试用例 -->
